{
  "stats": {
    "suites": 1,
    "tests": 1,
    "passes": 1,
    "pending": 0,
    "failures": 0,
    "start": "2023-08-31T15:36:01.946Z",
    "end": "2023-08-31T15:36:06.539Z",
    "duration": 4593,
    "testsRegistered": 1,
    "passPercent": 100,
    "pendingPercent": 0,
    "other": 0,
    "hasOther": false,
    "skipped": 0,
    "hasSkipped": false
  },
  "results": [
    {
      "uuid": "5b6165f3-351a-4fdd-8541-eb9b03b46df0",
      "title": "",
      "fullFile": "cypress\\e2e\\E2ESaucedemoTest.cy.js",
      "file": "cypress\\e2e\\E2ESaucedemoTest.cy.js",
      "beforeHooks": [],
      "afterHooks": [],
      "tests": [],
      "suites": [
        {
          "uuid": "9d22d354-5b7f-44fc-8235-072f8c1ebf05",
          "title": "E2E Test",
          "fullFile": "",
          "file": "",
          "beforeHooks": [],
          "afterHooks": [],
          "tests": [
            {
              "title": "Login, Add two products, Checkout and Validations",
              "fullTitle": "E2E Test Login, Add two products, Checkout and Validations",
              "timedOut": null,
              "duration": 3020,
              "state": "passed",
              "speed": "fast",
              "pass": true,
              "fail": false,
              "pending": false,
              "context": null,
              "code": "// login success\n_Saucedemo.Sauce.visitLoginPage();\n_Saucedemo.Sauce.submitLoginSucessful('standard_user', 'secret_sauce');\ncy.url().should(url => {\n  expect(url).to.contains('/inventory.html');\n});\n// Add two products\n_Saucedemo.Sauce.addItemsToCartByList(_Saucedemo.Sauce.productNames);\ncy.get('a.shopping_cart_link').should('have.text', 2);\n//check cart information\ncy.get('a.shopping_cart_link').click();\ncy.get('.inventory_item_name').each($element => {\n  expect(_Saucedemo.Sauce.productNames).to.include($element.text());\n});\n//Check out part one\ncy.clickBtnByText('Checkout');\n_Saucedemo.Sauce.fillCheckOutInformation(\"Ricardo\", \"Osegueda\", \"CP 1502\");\n//Check out part two\n_Saucedemo.Sauce.calculateTotalSum().then(totalSum => {\n  _Saucedemo.Sauce.extractSubtotalNumber().then(subtotalPrice => {\n    expect(totalSum).to.be.equal(subtotalPrice);\n  });\n});\ncy.clickBtnByText('Finish');\n//validate confirmation message\nconst headerConfirmationMessage = \"Thank you for your order!\";\nconst completeConfirmationMessage = \"Your order has been dispatched, and will arrive just as fast as the pony can get there!\";\ncy.get(_Saucedemo.Sauce.headerConfirmationMsg).should('have.text', headerConfirmationMessage);\ncy.get(_Saucedemo.Sauce.completeConfirmationMsg).should('have.text', completeConfirmationMessage);",
              "err": {},
              "uuid": "c5f4370f-0f5e-4ce0-93bf-3b23d95145d4",
              "parentUUID": "9d22d354-5b7f-44fc-8235-072f8c1ebf05",
              "isHook": false,
              "skipped": false
            }
          ],
          "suites": [],
          "passes": [
            "c5f4370f-0f5e-4ce0-93bf-3b23d95145d4"
          ],
          "failures": [],
          "pending": [],
          "skipped": [],
          "duration": 3020,
          "root": false,
          "rootEmpty": false,
          "_timeout": 2000
        }
      ],
      "passes": [],
      "failures": [],
      "pending": [],
      "skipped": [],
      "duration": 0,
      "root": true,
      "rootEmpty": true,
      "_timeout": 2000
    }
  ],
  "meta": {
    "mocha": {
      "version": "7.0.1"
    },
    "mochawesome": {
      "options": {
        "quiet": false,
        "reportFilename": "mochawesome",
        "saveHtml": true,
        "saveJson": true,
        "consoleReporter": "spec",
        "useInlineDiffs": false,
        "code": true
      },
      "version": "7.1.3"
    },
    "marge": {
      "options": {
        "reportDir": "cypress/results",
        "overwrite": true,
        "html": true,
        "json": true
      },
      "version": "6.2.0"
    }
  }
}